<?xml version="1.0" encoding="UTF-8"?>
<!-- Generated by org.testng.reporters.JUnitReportReporter -->
<testsuite hostname="DESKTOP-T9D74HK" failures="0" tests="5" name="test.PermissionsControllerTest" time="4.829" errors="0" timestamp="2023-07-09T01:15:41 IST" skipped="0">
  <testcase classname="test.PermissionsControllerTest" name="testAcceptPermission_Success" time="0.186"/>
  <testcase classname="test.PermissionsControllerTest" name="testGetPermissionsCount_Success" time="4.509"/>
  <testcase classname="test.PermissionsControllerTest" name="testGetPermissionsStatusAtEmp_Success" time="0.028"/>
  <testcase classname="test.PermissionsControllerTest" name="testAdminViewPermissionRequests" time="0.076"/>
  <testcase classname="test.PermissionsControllerTest" name="testRejectPermission_Success" time="0.030"/>
</testsuite> <!-- test.PermissionsControllerTest -->
