<?xml version="1.0" encoding="UTF-8"?>
<!-- Generated by org.testng.reporters.JUnitReportReporter -->
<testsuite hostname="DESKTOP-T9D74HK" failures="0" tests="12" name="test.PayRollServiceImplTest" time="0.237" errors="0" timestamp="2023-07-09T18:21:56 IST" skipped="0">
  <testcase classname="test.PayRollServiceImplTest" name="testCalculateDeductions" time="0.014"/>
  <testcase classname="test.PayRollServiceImplTest" name="testCalculateESI" time="0.004"/>
  <testcase classname="test.PayRollServiceImplTest" name="testCalculateTotalPay" time="0.038"/>
  <testcase classname="test.PayRollServiceImplTest" name="testCalculateAdditions" time="0.006"/>
  <testcase classname="test.PayRollServiceImplTest" name="testCalculateTA" time="0.065"/>
  <testcase classname="test.PayRollServiceImplTest" name="testCalculateNetPay" time="0.026"/>
  <testcase classname="test.PayRollServiceImplTest" name="testCalculateTax" time="0.018"/>
  <testcase classname="test.PayRollServiceImplTest" name="testCalculateHRA" time="0.029"/>
  <testcase classname="test.PayRollServiceImplTest" name="testCalculatePF" time="0.014"/>
  <testcase classname="test.PayRollServiceImplTest" name="testCalculateBasicPay" time="0.007"/>
  <testcase classname="test.PayRollServiceImplTest" name="testCalculateGratuity" time="0.006"/>
  <testcase classname="test.PayRollServiceImplTest" name="testCalculateDA" time="0.010"/>
</testsuite> <!-- test.PayRollServiceImplTest -->
