<?xml version="1.0" encoding="UTF-8"?>
<!-- Generated by org.testng.reporters.JUnitReportReporter -->
<testsuite hostname="DESKTOP-T9D74HK" failures="0" tests="3" name="test.OfferLetterControllerTest" time="0.235" errors="0" timestamp="2023-07-09T18:21:56 IST" skipped="0">
  <testcase classname="test.OfferLetterControllerTest" name="testGetIssuingCandidates" time="0.185"/>
  <testcase classname="test.OfferLetterControllerTest" name="testGetOfferLetterProvidedCandidates" time="0.017"/>
  <testcase classname="test.OfferLetterControllerTest" name="testSendOfferMail" time="0.033"/>
</testsuite> <!-- test.OfferLetterControllerTest -->
