<?xml version="1.0" encoding="UTF-8"?>
<!-- Generated by org.testng.reporters.JUnitReportReporter -->
<testsuite hostname="DESKTOP-T9D74HK" failures="0" tests="4" name="test.TestReferenceDocumentServiceImpl" time="0.014" errors="0" timestamp="2023-07-08T19:43:07 IST" skipped="0">
  <testcase classname="test.TestReferenceDocumentServiceImpl" name="testAddReferenceDocument" time="0.005"/>
  <testcase classname="test.TestReferenceDocumentServiceImpl" name="testGetReferenceDocumentById" time="0.002"/>
  <testcase classname="test.TestReferenceDocumentServiceImpl" name="testGetAllDocuments" time="0.003"/>
  <testcase classname="test.TestReferenceDocumentServiceImpl" name="testDeleteReferenceDocument" time="0.004"/>
</testsuite> <!-- test.TestReferenceDocumentServiceImpl -->
