<?xml version="1.0" encoding="UTF-8"?>
<!-- Generated by org.testng.reporters.JUnitReportReporter -->
<testsuite hostname="DESKTOP-T9D74HK" failures="0" tests="3" name="test.CandidateDAOImplTest" time="0.018" errors="0" timestamp="2023-07-09T18:21:56 IST" skipped="0">
  <testcase classname="test.CandidateDAOImplTest" name="testSaveCandidate" time="0.010"/>
  <testcase classname="test.CandidateDAOImplTest" name="testGetAllCandidates" time="0.005"/>
  <testcase classname="test.CandidateDAOImplTest" name="testGetCandidateById" time="0.003"/>
</testsuite> <!-- test.CandidateDAOImplTest -->
