<?xml version="1.0" encoding="UTF-8"?>
<!-- Generated by org.testng.reporters.JUnitReportReporter -->
<testsuite hostname="DESKTOP-T9D74HK" failures="0" tests="10" name="test.ApplyPermissionDAOImplTest" time="5.183" errors="0" timestamp="2023-07-09T01:20:58 IST" skipped="0">
  <testcase classname="test.ApplyPermissionDAOImplTest" name="testGetEmployeesByHRAndManager" time="0.329"/>
  <testcase classname="test.ApplyPermissionDAOImplTest" name="testPersist" time="0.006"/>
  <testcase classname="test.ApplyPermissionDAOImplTest" name="testGetNextPermissionIndex" time="0.017"/>
  <testcase classname="test.ApplyPermissionDAOImplTest" name="testGetEmployeeApprovedPermissionsCount" time="3.530"/>
  <testcase classname="test.ApplyPermissionDAOImplTest" name="testGetEmployeeAndPermissionRequestData_NoResult" time="0.095"/>
  <testcase classname="test.ApplyPermissionDAOImplTest" name="testGetEmployeeAndPermissionRequestDataCountPerMonth" time="0.015"/>
  <testcase classname="test.ApplyPermissionDAOImplTest" name="testGetPermissionByIdAndIndex" time="0.027"/>
  <testcase classname="test.ApplyPermissionDAOImplTest" name="testGetPermissionByIdAndIndex_NoResult" time="0.010"/>
  <testcase classname="test.ApplyPermissionDAOImplTest" name="testAppliedPermissions" time="0.331"/>
  <testcase classname="test.ApplyPermissionDAOImplTest" name="testGetEmployeeAndPermissionRequestData" time="0.823"/>
</testsuite> <!-- test.ApplyPermissionDAOImplTest -->
