<?xml version="1.0" encoding="UTF-8"?>
<!-- Generated by org.testng.reporters.JUnitReportReporter -->
<testsuite hostname="DESKTOP-T9D74HK" failures="0" tests="9" name="test.HolidayDAOImplTest" time="2.799" errors="0" timestamp="2023-07-09T15:52:58 IST" skipped="0">
  <testcase classname="test.HolidayDAOImplTest" name="testFindAllHolidays" time="2.610"/>
  <testcase classname="test.HolidayDAOImplTest" name="testCountMandHolidays" time="0.125"/>
  <testcase classname="test.HolidayDAOImplTest" name="testFindAllGradeHolidays" time="0.009"/>
  <testcase classname="test.HolidayDAOImplTest" name="testFindAllOptedHolidays" time="0.016"/>
  <testcase classname="test.HolidayDAOImplTest" name="testSaveJobGradeHoliday" time="0.006"/>
  <testcase classname="test.HolidayDAOImplTest" name="testSaveJobGrade" time="0.006"/>
  <testcase classname="test.HolidayDAOImplTest" name="testUpdateJobGradeHoliday" time="0.004"/>
  <testcase classname="test.HolidayDAOImplTest" name="testFindHolidayById" time="0.013"/>
  <testcase classname="test.HolidayDAOImplTest" name="testGetAllJobGradesInfo" time="0.010"/>
</testsuite> <!-- test.HolidayDAOImplTest -->
