<?xml version="1.0" encoding="UTF-8"?>
<!-- Generated by org.testng.reporters.JUnitReportReporter -->
<testsuite hostname="DESKTOP-T9D74HK" failures="0" tests="8" name="test.EmployeeDAOImplTest" time="0.075" errors="0" timestamp="2023-07-08T19:43:07 IST" skipped="0">
  <testcase classname="test.EmployeeDAOImplTest" name="testUpdateEmployeeStatus" time="0.009"/>
  <testcase classname="test.EmployeeDAOImplTest" name="testUpdateEmployee" time="0.003"/>
  <testcase classname="test.EmployeeDAOImplTest" name="testGetEmployeeById" time="0.007"/>
  <testcase classname="test.EmployeeDAOImplTest" name="testGetEmployeeParametersById" time="0.007"/>
  <testcase classname="test.EmployeeDAOImplTest" name="testGetEmployee" time="0.005"/>
  <testcase classname="test.EmployeeDAOImplTest" name="testInsertEmployee" time="0.006"/>
  <testcase classname="test.EmployeeDAOImplTest" name="testGetAllEmployees" time="0.004"/>
  <testcase classname="test.EmployeeDAOImplTest" name="testGetEmployeesByHRAndManager" time="0.034"/>
</testsuite> <!-- test.EmployeeDAOImplTest -->
