<?xml version="1.0" encoding="UTF-8"?>
<!-- Generated by org.testng.reporters.JUnitReportReporter -->
<testsuite hostname="DESKTOP-T9D74HK" failures="0" tests="10" name="test.ApplyPermissionDAOImplTest" time="1.267" errors="0" timestamp="2023-07-09T18:21:56 IST" skipped="0">
  <testcase classname="test.ApplyPermissionDAOImplTest" name="testGetNextPermissionIndex" time="0.026"/>
  <testcase classname="test.ApplyPermissionDAOImplTest" name="testPersist" time="0.025"/>
  <testcase classname="test.ApplyPermissionDAOImplTest" name="testGetPermissionByIdAndIndex_NoResult" time="0.008"/>
  <testcase classname="test.ApplyPermissionDAOImplTest" name="testGetEmployeeAndPermissionRequestData" time="0.479"/>
  <testcase classname="test.ApplyPermissionDAOImplTest" name="testGetEmployeeApprovedPermissionsCount" time="0.009"/>
  <testcase classname="test.ApplyPermissionDAOImplTest" name="testGetEmployeeAndPermissionRequestData_NoResult" time="0.034"/>
  <testcase classname="test.ApplyPermissionDAOImplTest" name="testGetPermissionByIdAndIndex" time="0.016"/>
  <testcase classname="test.ApplyPermissionDAOImplTest" name="testAppliedPermissions" time="0.344"/>
  <testcase classname="test.ApplyPermissionDAOImplTest" name="testGetEmployeesByHRAndManager" time="0.308"/>
  <testcase classname="test.ApplyPermissionDAOImplTest" name="testGetEmployeeAndPermissionRequestDataCountPerMonth" time="0.018"/>
</testsuite> <!-- test.ApplyPermissionDAOImplTest -->
