<?xml version="1.0" encoding="UTF-8"?>
<!-- Generated by org.testng.reporters.JUnitReportReporter -->
<testsuite hostname="DESKTOP-T9D74HK" failures="0" tests="3" name="test.OfferLetterControllerTest" time="0.087" errors="0" timestamp="2023-07-08T19:43:07 IST" skipped="0">
  <testcase classname="test.OfferLetterControllerTest" name="testSendOfferMail" time="0.074"/>
  <testcase classname="test.OfferLetterControllerTest" name="testGetOfferLetterProvidedCandidates" time="0.008"/>
  <testcase classname="test.OfferLetterControllerTest" name="testGetIssuingCandidates" time="0.005"/>
</testsuite> <!-- test.OfferLetterControllerTest -->
