<?xml version="1.0" encoding="UTF-8"?>
<!-- Generated by org.testng.reporters.JUnitReportReporter -->
<testsuite hostname="DESKTOP-T9D74HK" failures="0" tests="9" name="test.HolidayDAOImplTest" time="0.638" errors="0" timestamp="2023-07-09T18:21:56 IST" skipped="0">
  <testcase classname="test.HolidayDAOImplTest" name="testGetAllJobGradesInfo" time="0.008"/>
  <testcase classname="test.HolidayDAOImplTest" name="testUpdateJobGradeHoliday" time="0.005"/>
  <testcase classname="test.HolidayDAOImplTest" name="testSaveJobGradeHoliday" time="0.009"/>
  <testcase classname="test.HolidayDAOImplTest" name="testFindAllOptedHolidays" time="0.011"/>
  <testcase classname="test.HolidayDAOImplTest" name="testFindHolidayById" time="0.534"/>
  <testcase classname="test.HolidayDAOImplTest" name="testFindAllGradeHolidays" time="0.006"/>
  <testcase classname="test.HolidayDAOImplTest" name="testFindAllHolidays" time="0.019"/>
  <testcase classname="test.HolidayDAOImplTest" name="testCountMandHolidays" time="0.041"/>
  <testcase classname="test.HolidayDAOImplTest" name="testSaveJobGrade" time="0.005"/>
</testsuite> <!-- test.HolidayDAOImplTest -->
