<?xml version="1.0" encoding="UTF-8"?>
<!-- Generated by org.testng.reporters.JUnitReportReporter -->
<testsuite hostname="DESKTOP-T9D74HK" failures="0" tests="5" name="test.TestReferenceDocumentDAOImpl" time="1.616" errors="0" timestamp="2023-07-08T19:43:07 IST" skipped="0">
  <testcase classname="test.TestReferenceDocumentDAOImpl" name="testGetIndex" time="0.014"/>
  <testcase classname="test.TestReferenceDocumentDAOImpl" name="testSave" time="0.011"/>
  <testcase classname="test.TestReferenceDocumentDAOImpl" name="testGetDOCIndex" time="1.511"/>
  <testcase classname="test.TestReferenceDocumentDAOImpl" name="testFindById" time="0.021"/>
  <testcase classname="test.TestReferenceDocumentDAOImpl" name="testDeleteById" time="0.059"/>
</testsuite> <!-- test.TestReferenceDocumentDAOImpl -->
