<?xml version="1.0" encoding="UTF-8"?>
<!-- Generated by org.testng.reporters.JUnitReportReporter -->
<testsuite hostname="DESKTOP-T9D74HK" failures="0" tests="4" name="test.TestReferenceDocumentServiceImpl" time="0.027" errors="0" timestamp="2023-07-09T18:21:56 IST" skipped="0">
  <testcase classname="test.TestReferenceDocumentServiceImpl" name="testGetAllDocuments" time="0.005"/>
  <testcase classname="test.TestReferenceDocumentServiceImpl" name="testDeleteReferenceDocument" time="0.007"/>
  <testcase classname="test.TestReferenceDocumentServiceImpl" name="testGetReferenceDocumentById" time="0.010"/>
  <testcase classname="test.TestReferenceDocumentServiceImpl" name="testAddReferenceDocument" time="0.005"/>
</testsuite> <!-- test.TestReferenceDocumentServiceImpl -->
