<?xml version="1.0" encoding="UTF-8"?>
<!-- Generated by org.testng.reporters.JUnitReportReporter -->
<testsuite hostname="DESKTOP-T9D74HK" failures="0" tests="4" name="test.HolidayControllerTest" time="0.040" errors="0" timestamp="2023-07-09T18:21:56 IST" skipped="0">
  <testcase classname="test.HolidayControllerTest" name="testDisplayEmployeeInformation" time="0.022"/>
  <testcase classname="test.HolidayControllerTest" name="testSubmitSelectedHolidays" time="0.007"/>
  <testcase classname="test.HolidayControllerTest" name="testShowHolidays" time="0.007"/>
  <testcase classname="test.HolidayControllerTest" name="testDisplayEmployeeInformation_ThrowsEmployeeNotFoundException" time="0.004"/>
</testsuite> <!-- test.HolidayControllerTest -->
