<?xml version="1.0" encoding="UTF-8"?>
<!-- Generated by org.testng.reporters.JUnitReportReporter -->
<testsuite hostname="DESKTOP-T9D74HK" failures="0" tests="2" name="test.TestEmploymentInductionDocumentService" time="0.009" errors="0" timestamp="2023-07-09T18:21:56 IST" skipped="0">
  <testcase classname="test.TestEmploymentInductionDocumentService" name="testGetAllDocuments" time="0.006"/>
  <testcase classname="test.TestEmploymentInductionDocumentService" name="testAddCandidateInductionDocument" time="0.003"/>
</testsuite> <!-- test.TestEmploymentInductionDocumentService -->
