<?xml version="1.0" encoding="UTF-8"?>
<!-- Generated by org.testng.reporters.JUnitReportReporter -->
<testsuite hostname="DESKTOP-T9D74HK" failures="0" tests="4" name="test.HolidayControllerTest" time="0.470" errors="0" timestamp="2023-07-09T01:17:52 IST" skipped="0">
  <testcase classname="test.HolidayControllerTest" name="testDisplayEmployeeInformation" time="0.354"/>
  <testcase classname="test.HolidayControllerTest" name="testShowHolidays" time="0.017"/>
  <testcase classname="test.HolidayControllerTest" name="testSubmitSelectedHolidays" time="0.071"/>
  <testcase classname="test.HolidayControllerTest" name="testDisplayEmployeeInformation_ThrowsEmployeeNotFoundException" time="0.028"/>
</testsuite> <!-- test.HolidayControllerTest -->
