<?xml version="1.0" encoding="UTF-8"?>
<!-- Generated by org.testng.reporters.JUnitReportReporter -->
<testsuite hostname="DESKTOP-T9D74HK" failures="0" tests="5" name="test.TestReferenceDocumentDAOImpl" time="4.261" errors="0" timestamp="2023-07-09T18:21:56 IST" skipped="0">
  <testcase classname="test.TestReferenceDocumentDAOImpl" name="testGetIndex" time="0.016"/>
  <testcase classname="test.TestReferenceDocumentDAOImpl" name="testGetDOCIndex" time="4.064"/>
  <testcase classname="test.TestReferenceDocumentDAOImpl" name="testDeleteById" time="0.130"/>
  <testcase classname="test.TestReferenceDocumentDAOImpl" name="testFindById" time="0.035"/>
  <testcase classname="test.TestReferenceDocumentDAOImpl" name="testSave" time="0.016"/>
</testsuite> <!-- test.TestReferenceDocumentDAOImpl -->
