<?xml version="1.0" encoding="UTF-8"?>
<!-- Generated by org.testng.reporters.JUnitReportReporter -->
<testsuite hostname="DESKTOP-T9D74HK" failures="0" tests="3" name="test.TestEmploymentInductionService" time="0.008" errors="0" timestamp="2023-07-08T19:43:07 IST" skipped="0">
  <testcase classname="test.TestEmploymentInductionService" name="testGetAllEmploymentOffers" time="0.004"/>
  <testcase classname="test.TestEmploymentInductionService" name="testGetId" time="0.002"/>
  <testcase classname="test.TestEmploymentInductionService" name="testGetStatusById" time="0.002"/>
</testsuite> <!-- test.TestEmploymentInductionService -->
