<?xml version="1.0" encoding="UTF-8"?>
<!-- Generated by org.testng.reporters.JUnitReportReporter -->
<testsuite hostname="DESKTOP-T9D74HK" failures="0" tests="3" name="test.CandidateDAOImplTest" time="1.902" errors="0" timestamp="2023-07-08T19:54:14 IST" skipped="0">
  <testcase classname="test.CandidateDAOImplTest" name="testGetCandidateById" time="0.015"/>
  <testcase classname="test.CandidateDAOImplTest" name="testSaveCandidate" time="1.597"/>
  <testcase classname="test.CandidateDAOImplTest" name="testGetAllCandidates" time="0.290"/>
</testsuite> <!-- test.CandidateDAOImplTest -->
