<?xml version="1.0" encoding="UTF-8"?>
<!-- Generated by org.testng.reporters.JUnitReportReporter -->
<testsuite hostname="DESKTOP-T9D74HK" failures="0" tests="3" name="test.PayRollDAOImplTest" time="0.029" errors="0" timestamp="2023-07-09T18:21:56 IST" skipped="0">
  <testcase classname="test.PayRollDAOImplTest" name="testGetEmployeePayslipsByEmployeeIdAndMonthYear" time="0.007"/>
  <testcase classname="test.PayRollDAOImplTest" name="testGetEmployeePayslipsByEmployeeId" time="0.009"/>
  <testcase classname="test.PayRollDAOImplTest" name="testInsertEmployeePayslip" time="0.013"/>
</testsuite> <!-- test.PayRollDAOImplTest -->
