<?xml version="1.0" encoding="UTF-8"?>
<!-- Generated by org.testng.reporters.JUnitReportReporter -->
<testsuite hostname="DESKTOP-T9D74HK" failures="0" tests="2" name="test.TestEmploymentInductionDocumentService" time="0.006" errors="0" timestamp="2023-07-08T19:43:07 IST" skipped="0">
  <testcase classname="test.TestEmploymentInductionDocumentService" name="testGetAllDocuments" time="0.002"/>
  <testcase classname="test.TestEmploymentInductionDocumentService" name="testAddCandidateInductionDocument" time="0.004"/>
</testsuite> <!-- test.TestEmploymentInductionDocumentService -->
