<?xml version="1.0" encoding="UTF-8"?>
<!-- Generated by org.testng.reporters.JUnitReportReporter -->
<testsuite hostname="DESKTOP-T9D74HK" failures="0" tests="5" name="test.PermissionsControllerTest" time="0.944" errors="0" timestamp="2023-07-09T18:21:56 IST" skipped="0">
  <testcase classname="test.PermissionsControllerTest" name="testAcceptPermission_Success" time="0.120"/>
  <testcase classname="test.PermissionsControllerTest" name="testAdminViewPermissionRequests" time="0.026"/>
  <testcase classname="test.PermissionsControllerTest" name="testGetPermissionsStatusAtEmp_Success" time="0.042"/>
  <testcase classname="test.PermissionsControllerTest" name="testGetPermissionsCount_Success" time="0.516"/>
  <testcase classname="test.PermissionsControllerTest" name="testRejectPermission_Success" time="0.240"/>
</testsuite> <!-- test.PermissionsControllerTest -->
